  [1m[35m (111.8ms)[0m  [1m[35mCREATE TABLE "schema_migrations" ("version" varchar NOT NULL PRIMARY KEY)[0m
  [1m[35m (104.1ms)[0m  [1m[35mCREATE TABLE "ar_internal_metadata" ("key" varchar NOT NULL PRIMARY KEY, "value" varchar, "created_at" datetime NOT NULL, "updated_at" datetime NOT NULL)[0m
  [1m[36mActiveRecord::SchemaMigration Load (1.0ms)[0m  [1m[34mSELECT "schema_migrations".* FROM "schema_migrations"[0m
Migrating to CreateStates (20181206191410)
  [1m[35m (0.0ms)[0m  [1m[36mbegin transaction[0m
  [1m[35m (2.0ms)[0m  [1m[35mCREATE TABLE "states" ("id" INTEGER PRIMARY KEY AUTOINCREMENT NOT NULL, "name" varchar, "pop" integer, "area" integer, "created_at" datetime NOT NULL, "updated_at" datetime NOT NULL)[0m
  [1m[35mSQL (0.0ms)[0m  [1m[32mINSERT INTO "schema_migrations" ("version") VALUES (?)[0m  [["version", "20181206191410"]]
  [1m[35m (109.2ms)[0m  [1m[36mcommit transaction[0m
  [1m[36mActiveRecord::InternalMetadata Load (0.0ms)[0m  [1m[34mSELECT  "ar_internal_metadata".* FROM "ar_internal_metadata" WHERE "ar_internal_metadata"."key" = ? LIMIT ?[0m  [["key", "environment"], ["LIMIT", 1]]
  [1m[35m (0.0ms)[0m  [1m[36mbegin transaction[0m
  [1m[35mSQL (2.9ms)[0m  [1m[32mINSERT INTO "ar_internal_metadata" ("key", "value", "created_at", "updated_at") VALUES (?, ?, ?, ?)[0m  [["key", "environment"], ["value", "development"], ["created_at", "2018-12-06 19:14:39.092461"], ["updated_at", "2018-12-06 19:14:39.092461"]]
  [1m[35m (73.8ms)[0m  [1m[36mcommit transaction[0m
  [1m[36mActiveRecord::SchemaMigration Load (1.0ms)[0m  [1m[34mSELECT "schema_migrations".* FROM "schema_migrations"[0m
  [1m[35m (0.0ms)[0m  [1m[36mbegin transaction[0m
  [1m[35mSQL (1.9ms)[0m  [1m[32mINSERT INTO "states" ("name", "pop", "area", "created_at", "updated_at") VALUES (?, ?, ?, ?, ?)[0m  [["name", "Alaska"], ["pop", 739795], ["area", 663300], ["created_at", "2018-12-06 19:19:54.031955"], ["updated_at", "2018-12-06 19:19:54.031955"]]
  [1m[35m (148.3ms)[0m  [1m[36mcommit transaction[0m
  [1m[36mState Load (0.0ms)[0m  [1m[34mSELECT "states".* FROM "states"[0m
  [1m[35m (0.0ms)[0m  [1m[36mbegin transaction[0m
  [1m[35mSQL (1.0ms)[0m  [1m[32mINSERT INTO "states" ("name", "pop", "area", "created_at", "updated_at") VALUES (?, ?, ?, ?, ?)[0m  [["name", "Texas"], ["pop", 28300000], ["area", 268597], ["created_at", "2018-12-06 19:24:45.439716"], ["updated_at", "2018-12-06 19:24:45.439716"]]
  [1m[35m (85.5ms)[0m  [1m[36mcommit transaction[0m
  [1m[35m (0.0ms)[0m  [1m[36mbegin transaction[0m
  [1m[35mSQL (1.1ms)[0m  [1m[32mINSERT INTO "states" ("name", "pop", "area", "created_at", "updated_at") VALUES (?, ?, ?, ?, ?)[0m  [["name", "California"], ["pop", 39540000], ["area", 163696], ["created_at", "2018-12-06 19:25:51.355155"], ["updated_at", "2018-12-06 19:25:51.355155"]]
  [1m[35m (113.2ms)[0m  [1m[36mcommit transaction[0m
  [1m[35m (0.0ms)[0m  [1m[36mbegin transaction[0m
  [1m[35mSQL (1.0ms)[0m  [1m[32mINSERT INTO "states" ("name", "pop", "area", "created_at", "updated_at") VALUES (?, ?, ?, ?, ?)[0m  [["name", "Montana"], ["pop", 1050000], ["area", 147040], ["created_at", "2018-12-06 19:26:56.473517"], ["updated_at", "2018-12-06 19:26:56.473517"]]
  [1m[35m (162.1ms)[0m  [1m[36mcommit transaction[0m
  [1m[35m (0.0ms)[0m  [1m[36mbegin transaction[0m
  [1m[35mSQL (2.0ms)[0m  [1m[32mINSERT INTO "states" ("name", "pop", "area", "created_at", "updated_at") VALUES (?, ?, ?, ?, ?)[0m  [["name", "New Mexico"], ["pop", 2088000], ["area", 121697], ["created_at", "2018-12-06 19:28:00.560377"], ["updated_at", "2018-12-06 19:28:00.560377"]]
  [1m[35m (129.9ms)[0m  [1m[36mcommit transaction[0m
  [1m[36mState Load (0.0ms)[0m  [1m[34mSELECT "states".* FROM "states"[0m
  [1m[36mState Load (0.0ms)[0m  [1m[34mSELECT  "states".* FROM "states" WHERE "states"."id" = ? LIMIT ?[0m  [["id", 4], ["LIMIT", 1]]
  [1m[36mState Load (16.8ms)[0m  [1m[34mSELECT "states".* FROM "states"[0m
